Analysis & Synthesis report for FIFO_Toplvl
Tue Jun 30 18:31:51 2026
Quartus Prime Version 20.1.1 Build 720 11/11/2020 SJ Lite Edition


---------------------
; Table of Contents ;
---------------------
  1. Legal Notice
  2. Analysis & Synthesis Summary
  3. Analysis & Synthesis Settings
  4. Parallel Compilation
  5. Analysis & Synthesis Source Files Read
  6. Analysis & Synthesis Resource Usage Summary
  7. Analysis & Synthesis Resource Utilization by Entity
  8. Analysis & Synthesis RAM Summary
  9. State Machine - |system_top|uart_top:uart_tx_inst|uart_tx_fsm:fsm_inst|state
 10. Registers Removed During Synthesis
 11. Removed Registers Triggering Further Register Optimizations
 12. General Register Statistics
 13. Inverted Register Statistics
 14. Multiplexer Restructuring Statistics (Restructuring Performed)
 15. Source assignments for async_fifo_top:async_fifo_inst|fifo_mem:mem_inst|altsyncram:mem_rtl_0|altsyncram_gvc1:auto_generated
 16. Parameter Settings for User Entity Instance: Top-level Entity: |system_top
 17. Parameter Settings for User Entity Instance: async_fifo_top:async_fifo_inst
 18. Parameter Settings for User Entity Instance: async_fifo_top:async_fifo_inst|fifo_mem:mem_inst
 19. Parameter Settings for User Entity Instance: async_fifo_top:async_fifo_inst|wr_domain:wr_domain_inst
 20. Parameter Settings for User Entity Instance: async_fifo_top:async_fifo_inst|rd_domain:rd_domain_inst
 21. Parameter Settings for User Entity Instance: async_fifo_top:async_fifo_inst|TwoFF_Sync:rd_to_wr_sync
 22. Parameter Settings for User Entity Instance: async_fifo_top:async_fifo_inst|TwoFF_Sync:wr_to_rd_sync
 23. Parameter Settings for User Entity Instance: uart_top:uart_tx_inst
 24. Parameter Settings for User Entity Instance: uart_top:uart_tx_inst|baud_gen:baud_gen_inst
 25. Parameter Settings for Inferred Entity Instance: async_fifo_top:async_fifo_inst|fifo_mem:mem_inst|altsyncram:mem_rtl_0
 26. altsyncram Parameter Settings by Entity Instance
 27. Port Connectivity Checks: "clk_gater_ALTCLKCTRL_altclkctrl_0:clk_gater_inst|clk_gater_ALTCLKCTRL_altclkctrl_0_sub:clk_gater_ALTCLKCTRL_altclkctrl_0_sub_component"
 28. Post-Synthesis Netlist Statistics for Top Partition
 29. Elapsed Time Per Partition
 30. Analysis & Synthesis Messages
 31. Analysis & Synthesis Suppressed Messages



----------------
; Legal Notice ;
----------------
Copyright (C) 2020  Intel Corporation. All rights reserved.
Your use of Intel Corporation's design tools, logic functions 
and other software and tools, and any partner logic 
functions, and any output files from any of the foregoing 
(including device programming or simulation files), and any 
associated documentation or information are expressly subject 
to the terms and conditions of the Intel Program License 
Subscription Agreement, the Intel Quartus Prime License Agreement,
the Intel FPGA IP License Agreement, or other applicable license
agreement, including, without limitation, that your use is for
the sole purpose of programming logic devices manufactured by
Intel and sold by Intel or its authorized distributors.  Please
refer to the applicable agreement for further details, at
https://fpgasoftware.intel.com/eula.



+----------------------------------------------------------------------------------+
; Analysis & Synthesis Summary                                                     ;
+------------------------------------+---------------------------------------------+
; Analysis & Synthesis Status        ; Successful - Tue Jun 30 18:31:51 2026       ;
; Quartus Prime Version              ; 20.1.1 Build 720 11/11/2020 SJ Lite Edition ;
; Revision Name                      ; FIFO_Toplvl                                 ;
; Top-level Entity Name              ; system_top                                  ;
; Family                             ; Cyclone IV E                                ;
; Total logic elements               ; 203                                         ;
;     Total combinational functions  ; 166                                         ;
;     Dedicated logic registers      ; 146                                         ;
; Total registers                    ; 146                                         ;
; Total pins                         ; 16                                          ;
; Total virtual pins                 ; 0                                           ;
; Total memory bits                  ; 384                                         ;
; Embedded Multiplier 9-bit elements ; 0                                           ;
; Total PLLs                         ; 0                                           ;
+------------------------------------+---------------------------------------------+


+------------------------------------------------------------------------------------------------------------+
; Analysis & Synthesis Settings                                                                              ;
+------------------------------------------------------------------+--------------------+--------------------+
; Option                                                           ; Setting            ; Default Value      ;
+------------------------------------------------------------------+--------------------+--------------------+
; Device                                                           ; EP4CE115F29C7      ;                    ;
; Top-level entity name                                            ; system_top         ; FIFO_Toplvl        ;
; Family name                                                      ; Cyclone IV E       ; Cyclone V          ;
; Use smart compilation                                            ; Off                ; Off                ;
; Enable parallel Assembler and Timing Analyzer during compilation ; On                 ; On                 ;
; Enable compact report table                                      ; Off                ; Off                ;
; Restructure Multiplexers                                         ; Auto               ; Auto               ;
; Create Debugging Nodes for IP Cores                              ; Off                ; Off                ;
; Preserve fewer node names                                        ; On                 ; On                 ;
; Intel FPGA IP Evaluation Mode                                    ; Enable             ; Enable             ;
; Verilog Version                                                  ; Verilog_2001       ; Verilog_2001       ;
; VHDL Version                                                     ; VHDL_1993          ; VHDL_1993          ;
; State Machine Processing                                         ; Auto               ; Auto               ;
; Safe State Machine                                               ; Off                ; Off                ;
; Extract Verilog State Machines                                   ; On                 ; On                 ;
; Extract VHDL State Machines                                      ; On                 ; On                 ;
; Ignore Verilog initial constructs                                ; Off                ; Off                ;
; Iteration limit for constant Verilog loops                       ; 5000               ; 5000               ;
; Iteration limit for non-constant Verilog loops                   ; 250                ; 250                ;
; Add Pass-Through Logic to Inferred RAMs                          ; On                 ; On                 ;
; Infer RAMs from Raw Logic                                        ; On                 ; On                 ;
; Parallel Synthesis                                               ; On                 ; On                 ;
; DSP Block Balancing                                              ; Auto               ; Auto               ;
; NOT Gate Push-Back                                               ; On                 ; On                 ;
; Power-Up Don't Care                                              ; On                 ; On                 ;
; Remove Redundant Logic Cells                                     ; Off                ; Off                ;
; Remove Duplicate Registers                                       ; On                 ; On                 ;
; Ignore CARRY Buffers                                             ; Off                ; Off                ;
; Ignore CASCADE Buffers                                           ; Off                ; Off                ;
; Ignore GLOBAL Buffers                                            ; Off                ; Off                ;
; Ignore ROW GLOBAL Buffers                                        ; Off                ; Off                ;
; Ignore LCELL Buffers                                             ; Off                ; Off                ;
; Ignore SOFT Buffers                                              ; On                 ; On                 ;
; Limit AHDL Integers to 32 Bits                                   ; Off                ; Off                ;
; Optimization Technique                                           ; Balanced           ; Balanced           ;
; Carry Chain Length                                               ; 70                 ; 70                 ;
; Auto Carry Chains                                                ; On                 ; On                 ;
; Auto Open-Drain Pins                                             ; On                 ; On                 ;
; Perform WYSIWYG Primitive Resynthesis                            ; Off                ; Off                ;
; Auto ROM Replacement                                             ; On                 ; On                 ;
; Auto RAM Replacement                                             ; On                 ; On                 ;
; Auto DSP Block Replacement                                       ; On                 ; On                 ;
; Auto Shift Register Replacement                                  ; Auto               ; Auto               ;
; Allow Shift Register Merging across Hierarchies                  ; Auto               ; Auto               ;
; Auto Clock Enable Replacement                                    ; On                 ; On                 ;
; Strict RAM Replacement                                           ; Off                ; Off                ;
; Allow Synchronous Control Signals                                ; On                 ; On                 ;
; Force Use of Synchronous Clear Signals                           ; Off                ; Off                ;
; Auto RAM Block Balancing                                         ; On                 ; On                 ;
; Auto RAM to Logic Cell Conversion                                ; Off                ; Off                ;
; Auto Resource Sharing                                            ; Off                ; Off                ;
; Allow Any RAM Size For Recognition                               ; Off                ; Off                ;
; Allow Any ROM Size For Recognition                               ; Off                ; Off                ;
; Allow Any Shift Register Size For Recognition                    ; Off                ; Off                ;
; Use LogicLock Constraints during Resource Balancing              ; On                 ; On                 ;
; Ignore translate_off and synthesis_off directives                ; Off                ; Off                ;
; Timing-Driven Synthesis                                          ; On                 ; On                 ;
; Report Parameter Settings                                        ; On                 ; On                 ;
; Report Source Assignments                                        ; On                 ; On                 ;
; Report Connectivity Checks                                       ; On                 ; On                 ;
; Ignore Maximum Fan-Out Assignments                               ; Off                ; Off                ;
; Synchronization Register Chain Length                            ; 2                  ; 2                  ;
; Power Optimization During Synthesis                              ; Normal compilation ; Normal compilation ;
; HDL message level                                                ; Level2             ; Level2             ;
; Suppress Register Optimization Related Messages                  ; Off                ; Off                ;
; Number of Removed Registers Reported in Synthesis Report         ; 5000               ; 5000               ;
; Number of Swept Nodes Reported in Synthesis Report               ; 5000               ; 5000               ;
; Number of Inverted Registers Reported in Synthesis Report        ; 100                ; 100                ;
; Clock MUX Protection                                             ; On                 ; On                 ;
; Auto Gated Clock Conversion                                      ; Off                ; Off                ;
; Block Design Naming                                              ; Auto               ; Auto               ;
; SDC constraint protection                                        ; Off                ; Off                ;
; Synthesis Effort                                                 ; Auto               ; Auto               ;
; Shift Register Replacement - Allow Asynchronous Clear Signal     ; On                 ; On                 ;
; Pre-Mapping Resynthesis Optimization                             ; Off                ; Off                ;
; Analysis & Synthesis Message Level                               ; Medium             ; Medium             ;
; Disable Register Merging Across Hierarchies                      ; Auto               ; Auto               ;
; Resource Aware Inference For Block RAM                           ; On                 ; On                 ;
+------------------------------------------------------------------+--------------------+--------------------+


+------------------------------------------+
; Parallel Compilation                     ;
+----------------------------+-------------+
; Processors                 ; Number      ;
+----------------------------+-------------+
; Number detected on machine ; 16          ;
; Maximum allowed            ; 16          ;
;                            ;             ;
; Average used               ; 1.00        ;
; Maximum used               ; 16          ;
;                            ;             ;
; Usage by Processor         ; % Time Used ;
;     Processor 1            ; 100.0%      ;
;     Processor 2            ;   0.0%      ;
;     Processors 3-16        ;   0.0%      ;
+----------------------------+-------------+


+-------------------------------------------------------------------------------------------------------------------------------------------------------------------------------------------------------------------------------------------------------------------+
; Analysis & Synthesis Source Files Read                                                                                                                                                                                                                            ;
+-------------------------------------------------------------------------------+-----------------+------------------------------+-----------------------------------------------------------------------------------------------------------+----------------------+
; File Name with User-Entered Path                                              ; Used in Netlist ; File Type                    ; File Name with Absolute Path                                                                              ; Library              ;
+-------------------------------------------------------------------------------+-----------------+------------------------------+-----------------------------------------------------------------------------------------------------------+----------------------+
; TwoFF_Sync.v                                                                  ; yes             ; User Verilog HDL File        ; C:/intelFPGA_lite/20.1/VLSI/TwoFF_Sync.v                                                                  ;                      ;
; clk_gater_ALTCLKCTRL/synthesis/submodules/clk_gater_ALTCLKCTRL_altclkctrl_0.v ; yes             ; User Verilog HDL File        ; C:/intelFPGA_lite/20.1/VLSI/clk_gater_ALTCLKCTRL/synthesis/submodules/clk_gater_ALTCLKCTRL_altclkctrl_0.v ; clk_gater_ALTCLKCTRL ;
; FIR_4Tap.v                                                                    ; yes             ; User Verilog HDL File        ; C:/intelFPGA_lite/20.1/VLSI/FIR_4Tap.v                                                                    ;                      ;
; PowerManager.v                                                                ; yes             ; User Verilog HDL File        ; C:/intelFPGA_lite/20.1/VLSI/PowerManager.v                                                                ;                      ;
; fifo_mem.v                                                                    ; yes             ; User Verilog HDL File        ; C:/intelFPGA_lite/20.1/VLSI/fifo_mem.v                                                                    ;                      ;
; wr_domain.v                                                                   ; yes             ; User Verilog HDL File        ; C:/intelFPGA_lite/20.1/VLSI/wr_domain.v                                                                   ;                      ;
; rd_domain.v                                                                   ; yes             ; User Verilog HDL File        ; C:/intelFPGA_lite/20.1/VLSI/rd_domain.v                                                                   ;                      ;
; async_fifo_top.v                                                              ; yes             ; User Verilog HDL File        ; C:/intelFPGA_lite/20.1/VLSI/async_fifo_top.v                                                              ;                      ;
; baud_gen.v                                                                    ; yes             ; User Verilog HDL File        ; C:/intelFPGA_lite/20.1/VLSI/baud_gen.v                                                                    ;                      ;
; uart_tx_fsm.v                                                                 ; yes             ; User Verilog HDL File        ; C:/intelFPGA_lite/20.1/VLSI/uart_tx_fsm.v                                                                 ;                      ;
; uart_top.v                                                                    ; yes             ; User Verilog HDL File        ; C:/intelFPGA_lite/20.1/VLSI/uart_top.v                                                                    ;                      ;
; system_top.v                                                                  ; yes             ; User Verilog HDL File        ; C:/intelFPGA_lite/20.1/VLSI/system_top.v                                                                  ;                      ;
; altsyncram.tdf                                                                ; yes             ; Megafunction                 ; c:/intelfpga_lite/20.1/quartus/libraries/megafunctions/altsyncram.tdf                                     ;                      ;
; stratix_ram_block.inc                                                         ; yes             ; Megafunction                 ; c:/intelfpga_lite/20.1/quartus/libraries/megafunctions/stratix_ram_block.inc                              ;                      ;
; lpm_mux.inc                                                                   ; yes             ; Megafunction                 ; c:/intelfpga_lite/20.1/quartus/libraries/megafunctions/lpm_mux.inc                                        ;                      ;
; lpm_decode.inc                                                                ; yes             ; Megafunction                 ; c:/intelfpga_lite/20.1/quartus/libraries/megafunctions/lpm_decode.inc                                     ;                      ;
; aglobal201.inc                                                                ; yes             ; Megafunction                 ; c:/intelfpga_lite/20.1/quartus/libraries/megafunctions/aglobal201.inc                                     ;                      ;
; a_rdenreg.inc                                                                 ; yes             ; Megafunction                 ; c:/intelfpga_lite/20.1/quartus/libraries/megafunctions/a_rdenreg.inc                                      ;                      ;
; altrom.inc                                                                    ; yes             ; Megafunction                 ; c:/intelfpga_lite/20.1/quartus/libraries/megafunctions/altrom.inc                                         ;                      ;
; altram.inc                                                                    ; yes             ; Megafunction                 ; c:/intelfpga_lite/20.1/quartus/libraries/megafunctions/altram.inc                                         ;                      ;
; altdpram.inc                                                                  ; yes             ; Megafunction                 ; c:/intelfpga_lite/20.1/quartus/libraries/megafunctions/altdpram.inc                                       ;                      ;
; db/altsyncram_gvc1.tdf                                                        ; yes             ; Auto-Generated Megafunction  ; C:/intelFPGA_lite/20.1/VLSI/db/altsyncram_gvc1.tdf                                                        ;                      ;
+-------------------------------------------------------------------------------+-----------------+------------------------------+-----------------------------------------------------------------------------------------------------------+----------------------+


+-----------------------------------------------------------+
; Analysis & Synthesis Resource Usage Summary               ;
+---------------------------------------------+-------------+
; Resource                                    ; Usage       ;
+---------------------------------------------+-------------+
; Estimated Total logic elements              ; 203         ;
;                                             ;             ;
; Total combinational functions               ; 166         ;
; Logic element usage by number of LUT inputs ;             ;
;     -- 4 input functions                    ; 28          ;
;     -- 3 input functions                    ; 55          ;
;     -- <=2 input functions                  ; 83          ;
;                                             ;             ;
; Logic elements by mode                      ;             ;
;     -- normal mode                          ; 111         ;
;     -- arithmetic mode                      ; 55          ;
;                                             ;             ;
; Total registers                             ; 146         ;
;     -- Dedicated logic registers            ; 146         ;
;     -- I/O registers                        ; 0           ;
;                                             ;             ;
; I/O pins                                    ; 16          ;
; Total memory bits                           ; 384         ;
;                                             ;             ;
; Embedded Multiplier 9-bit elements          ; 0           ;
;                                             ;             ;
; Maximum fan-out node                        ; rst_n~input ;
; Maximum fan-out                             ; 130         ;
; Total fan-out                               ; 1111        ;
; Average fan-out                             ; 3.11        ;
+---------------------------------------------+-------------+


+----------------------------------------------------------------------------------------------------------------------------------------------------------------------------------------------------------------------------------------------------------------------------------------------------------------------------------------------------------------------------------------------------------------------------------------------+
; Analysis & Synthesis Resource Utilization by Entity                                                                                                                                                                                                                                                                                                                                                                                          ;
+-----------------------------------------------------------------------------------------------+---------------------+---------------------------+-------------+--------------+---------+-----------+------+--------------+----------------------------------------------------------------------------------------------------------------------------------------------------+---------------------------------------+----------------------+
; Compilation Hierarchy Node                                                                    ; Combinational ALUTs ; Dedicated Logic Registers ; Memory Bits ; DSP Elements ; DSP 9x9 ; DSP 18x18 ; Pins ; Virtual Pins ; Full Hierarchy Name                                                                                                                                ; Entity Name                           ; Library Name         ;
+-----------------------------------------------------------------------------------------------+---------------------+---------------------------+-------------+--------------+---------+-----------+------+--------------+----------------------------------------------------------------------------------------------------------------------------------------------------+---------------------------------------+----------------------+
; |system_top                                                                                   ; 166 (0)             ; 146 (0)                   ; 384         ; 0            ; 0       ; 0         ; 16   ; 0            ; |system_top                                                                                                                                        ; system_top                            ; work                 ;
;    |FIR_4Tap:fir_inst|                                                                        ; 75 (75)             ; 45 (45)                   ; 0           ; 0            ; 0       ; 0         ; 0    ; 0            ; |system_top|FIR_4Tap:fir_inst                                                                                                                      ; FIR_4Tap                              ; work                 ;
;    |PowerManager:pm_inst|                                                                     ; 7 (7)               ; 5 (5)                     ; 0           ; 0            ; 0       ; 0         ; 0    ; 0            ; |system_top|PowerManager:pm_inst                                                                                                                   ; PowerManager                          ; work                 ;
;    |async_fifo_top:async_fifo_inst|                                                           ; 35 (0)              ; 61 (0)                    ; 384         ; 0            ; 0       ; 0         ; 0    ; 0            ; |system_top|async_fifo_top:async_fifo_inst                                                                                                         ; async_fifo_top                        ; work                 ;
;       |TwoFF_Sync:rd_to_wr_sync|                                                              ; 0 (0)               ; 12 (12)                   ; 0           ; 0            ; 0       ; 0         ; 0    ; 0            ; |system_top|async_fifo_top:async_fifo_inst|TwoFF_Sync:rd_to_wr_sync                                                                                ; TwoFF_Sync                            ; work                 ;
;       |TwoFF_Sync:wr_to_rd_sync|                                                              ; 0 (0)               ; 12 (12)                   ; 0           ; 0            ; 0       ; 0         ; 0    ; 0            ; |system_top|async_fifo_top:async_fifo_inst|TwoFF_Sync:wr_to_rd_sync                                                                                ; TwoFF_Sync                            ; work                 ;
;       |fifo_mem:mem_inst|                                                                     ; 3 (3)               ; 13 (13)                   ; 384         ; 0            ; 0       ; 0         ; 0    ; 0            ; |system_top|async_fifo_top:async_fifo_inst|fifo_mem:mem_inst                                                                                       ; fifo_mem                              ; work                 ;
;          |altsyncram:mem_rtl_0|                                                               ; 0 (0)               ; 0 (0)                     ; 384         ; 0            ; 0       ; 0         ; 0    ; 0            ; |system_top|async_fifo_top:async_fifo_inst|fifo_mem:mem_inst|altsyncram:mem_rtl_0                                                                  ; altsyncram                            ; work                 ;
;             |altsyncram_gvc1:auto_generated|                                                  ; 0 (0)               ; 0 (0)                     ; 384         ; 0            ; 0       ; 0         ; 0    ; 0            ; |system_top|async_fifo_top:async_fifo_inst|fifo_mem:mem_inst|altsyncram:mem_rtl_0|altsyncram_gvc1:auto_generated                                   ; altsyncram_gvc1                       ; work                 ;
;       |rd_domain:rd_domain_inst|                                                              ; 17 (17)             ; 12 (12)                   ; 0           ; 0            ; 0       ; 0         ; 0    ; 0            ; |system_top|async_fifo_top:async_fifo_inst|rd_domain:rd_domain_inst                                                                                ; rd_domain                             ; work                 ;
;       |wr_domain:wr_domain_inst|                                                              ; 15 (15)             ; 12 (12)                   ; 0           ; 0            ; 0       ; 0         ; 0    ; 0            ; |system_top|async_fifo_top:async_fifo_inst|wr_domain:wr_domain_inst                                                                                ; wr_domain                             ; work                 ;
;    |clk_gater_ALTCLKCTRL_altclkctrl_0:clk_gater_inst|                                         ; 0 (0)               ; 0 (0)                     ; 0           ; 0            ; 0       ; 0         ; 0    ; 0            ; |system_top|clk_gater_ALTCLKCTRL_altclkctrl_0:clk_gater_inst                                                                                       ; clk_gater_ALTCLKCTRL_altclkctrl_0     ; clk_gater_ALTCLKCTRL ;
;       |clk_gater_ALTCLKCTRL_altclkctrl_0_sub:clk_gater_ALTCLKCTRL_altclkctrl_0_sub_component| ; 0 (0)               ; 0 (0)                     ; 0           ; 0            ; 0       ; 0         ; 0    ; 0            ; |system_top|clk_gater_ALTCLKCTRL_altclkctrl_0:clk_gater_inst|clk_gater_ALTCLKCTRL_altclkctrl_0_sub:clk_gater_ALTCLKCTRL_altclkctrl_0_sub_component ; clk_gater_ALTCLKCTRL_altclkctrl_0_sub ; clk_gater_ALTCLKCTRL ;
;    |uart_top:uart_tx_inst|                                                                    ; 49 (0)              ; 35 (0)                    ; 0           ; 0            ; 0       ; 0         ; 0    ; 0            ; |system_top|uart_top:uart_tx_inst                                                                                                                  ; uart_top                              ; work                 ;
;       |baud_gen:baud_gen_inst|                                                                ; 16 (16)             ; 12 (12)                   ; 0           ; 0            ; 0       ; 0         ; 0    ; 0            ; |system_top|uart_top:uart_tx_inst|baud_gen:baud_gen_inst                                                                                           ; baud_gen                              ; work                 ;
;       |uart_tx_fsm:fsm_inst|                                                                  ; 33 (33)             ; 23 (23)                   ; 0           ; 0            ; 0       ; 0         ; 0    ; 0            ; |system_top|uart_top:uart_tx_inst|uart_tx_fsm:fsm_inst                                                                                             ; uart_tx_fsm                           ; work                 ;
+-----------------------------------------------------------------------------------------------+---------------------+---------------------------+-------------+--------------+---------+-----------+------+--------------+----------------------------------------------------------------------------------------------------------------------------------------------------+---------------------------------------+----------------------+
Note: For table entries with two numbers listed, the numbers in parentheses indicate the number of resources of the given type used by the specific entity alone. The numbers listed outside of parentheses indicate the total resources of the given type used by the specific entity and all of its sub-entities in the hierarchy.


+---------------------------------------------------------------------------------------------------------------------------------------------------------------------------------------------------------------------+
; Analysis & Synthesis RAM Summary                                                                                                                                                                                    ;
+-----------------------------------------------------------------------------------------------------------------+------+------------------+--------------+--------------+--------------+--------------+------+------+
; Name                                                                                                            ; Type ; Mode             ; Port A Depth ; Port A Width ; Port B Depth ; Port B Width ; Size ; MIF  ;
+-----------------------------------------------------------------------------------------------------------------+------+------------------+--------------+--------------+--------------+--------------+------+------+
; async_fifo_top:async_fifo_inst|fifo_mem:mem_inst|altsyncram:mem_rtl_0|altsyncram_gvc1:auto_generated|ALTSYNCRAM ; AUTO ; Simple Dual Port ; 32           ; 12           ; 32           ; 12           ; 384  ; None ;
+-----------------------------------------------------------------------------------------------------------------+------+------------------+--------------+--------------+--------------+--------------+------+------+


Encoding Type:  One-Hot
+------------------------------------------------------------------------------+
; State Machine - |system_top|uart_top:uart_tx_inst|uart_tx_fsm:fsm_inst|state ;
+-------------+------------+------------+-------------+------------------------+
; Name        ; state.STOP ; state.DATA ; state.START ; state.IDLE             ;
+-------------+------------+------------+-------------+------------------------+
; state.IDLE  ; 0          ; 0          ; 0           ; 0                      ;
; state.START ; 0          ; 0          ; 1           ; 1                      ;
; state.DATA  ; 0          ; 1          ; 0           ; 1                      ;
; state.STOP  ; 1          ; 0          ; 0           ; 1                      ;
+-------------+------------+------------+-------------+------------------------+


+------------------------------------------------------------------------------------------------------------------------------------------------------------+
; Registers Removed During Synthesis                                                                                                                         ;
+------------------------------------------------------------------------+-----------------------------------------------------------------------------------+
; Register name                                                          ; Reason for Removal                                                                ;
+------------------------------------------------------------------------+-----------------------------------------------------------------------------------+
; async_fifo_top:async_fifo_inst|rd_domain:rd_domain_inst|rd_ptr_gray[5] ; Merged with async_fifo_top:async_fifo_inst|rd_domain:rd_domain_inst|rd_ptr_bin[5] ;
; async_fifo_top:async_fifo_inst|wr_domain:wr_domain_inst|wr_ptr_gray[5] ; Merged with async_fifo_top:async_fifo_inst|wr_domain:wr_domain_inst|wr_ptr_bin[5] ;
; FIR_4Tap:fir_inst|X[3][14]                                             ; Lost fanout                                                                       ;
; FIR_4Tap:fir_inst|X[3][15]                                             ; Lost fanout                                                                       ;
; FIR_4Tap:fir_inst|X[2][11]                                             ; Merged with FIR_4Tap:fir_inst|X[2][10]                                            ;
; FIR_4Tap:fir_inst|X[2][12]                                             ; Merged with FIR_4Tap:fir_inst|X[2][10]                                            ;
; FIR_4Tap:fir_inst|X[2][13]                                             ; Merged with FIR_4Tap:fir_inst|X[2][10]                                            ;
; FIR_4Tap:fir_inst|X[2][14]                                             ; Merged with FIR_4Tap:fir_inst|X[2][10]                                            ;
; FIR_4Tap:fir_inst|X[2][15]                                             ; Merged with FIR_4Tap:fir_inst|X[2][10]                                            ;
; FIR_4Tap:fir_inst|X[2][8]                                              ; Merged with FIR_4Tap:fir_inst|X[2][10]                                            ;
; FIR_4Tap:fir_inst|X[2][9]                                              ; Merged with FIR_4Tap:fir_inst|X[2][10]                                            ;
; FIR_4Tap:fir_inst|X[0][11]                                             ; Merged with FIR_4Tap:fir_inst|X[0][10]                                            ;
; FIR_4Tap:fir_inst|X[0][12]                                             ; Merged with FIR_4Tap:fir_inst|X[0][10]                                            ;
; FIR_4Tap:fir_inst|X[0][13]                                             ; Merged with FIR_4Tap:fir_inst|X[0][10]                                            ;
; FIR_4Tap:fir_inst|X[0][14]                                             ; Merged with FIR_4Tap:fir_inst|X[0][10]                                            ;
; FIR_4Tap:fir_inst|X[0][15]                                             ; Merged with FIR_4Tap:fir_inst|X[0][10]                                            ;
; FIR_4Tap:fir_inst|X[0][8]                                              ; Merged with FIR_4Tap:fir_inst|X[0][10]                                            ;
; FIR_4Tap:fir_inst|X[0][9]                                              ; Merged with FIR_4Tap:fir_inst|X[0][10]                                            ;
; FIR_4Tap:fir_inst|X[1][11]                                             ; Merged with FIR_4Tap:fir_inst|X[1][10]                                            ;
; FIR_4Tap:fir_inst|X[1][12]                                             ; Merged with FIR_4Tap:fir_inst|X[1][10]                                            ;
; FIR_4Tap:fir_inst|X[1][13]                                             ; Merged with FIR_4Tap:fir_inst|X[1][10]                                            ;
; FIR_4Tap:fir_inst|X[1][14]                                             ; Merged with FIR_4Tap:fir_inst|X[1][10]                                            ;
; FIR_4Tap:fir_inst|X[1][15]                                             ; Merged with FIR_4Tap:fir_inst|X[1][10]                                            ;
; FIR_4Tap:fir_inst|X[1][8]                                              ; Merged with FIR_4Tap:fir_inst|X[1][10]                                            ;
; FIR_4Tap:fir_inst|X[1][9]                                              ; Merged with FIR_4Tap:fir_inst|X[1][10]                                            ;
; FIR_4Tap:fir_inst|X[3][11]                                             ; Merged with FIR_4Tap:fir_inst|X[3][10]                                            ;
; FIR_4Tap:fir_inst|X[3][12]                                             ; Merged with FIR_4Tap:fir_inst|X[3][10]                                            ;
; FIR_4Tap:fir_inst|X[3][13]                                             ; Merged with FIR_4Tap:fir_inst|X[3][10]                                            ;
; FIR_4Tap:fir_inst|X[3][8]                                              ; Merged with FIR_4Tap:fir_inst|X[3][10]                                            ;
; FIR_4Tap:fir_inst|X[3][9]                                              ; Merged with FIR_4Tap:fir_inst|X[3][10]                                            ;
; FIR_4Tap:fir_inst|X[0][10]                                             ; Stuck at GND due to stuck port data_in                                            ;
; FIR_4Tap:fir_inst|X[1][10]                                             ; Stuck at GND due to stuck port data_in                                            ;
; FIR_4Tap:fir_inst|X[2][10]                                             ; Stuck at GND due to stuck port data_in                                            ;
; FIR_4Tap:fir_inst|X[3][10]                                             ; Stuck at GND due to stuck port data_in                                            ;
; FIR_4Tap:fir_inst|data_out[12..15]                                     ; Stuck at GND due to stuck port data_in                                            ;
; uart_top:uart_tx_inst|uart_tx_fsm:fsm_inst|shift_reg[12..15]           ; Stuck at GND due to stuck port data_in                                            ;
; uart_top:uart_tx_inst|uart_tx_fsm:fsm_inst|state~8                     ; Lost fanout                                                                       ;
; uart_top:uart_tx_inst|uart_tx_fsm:fsm_inst|state~9                     ; Lost fanout                                                                       ;
; uart_top:uart_tx_inst|uart_tx_fsm:fsm_inst|state~10                    ; Lost fanout                                                                       ;
; Total Number of Removed Registers = 45                                 ;                                                                                   ;
+------------------------------------------------------------------------+-----------------------------------------------------------------------------------+


+---------------------------------------------------------------------------------------------------------------------------------------------------------------------------+
; Removed Registers Triggering Further Register Optimizations                                                                                                               ;
+----------------------------------------------------------+---------------------------+------------------------------------------------------------------------------------+
; Register name                                            ; Reason for Removal        ; Registers Removed due to This Register                                             ;
+----------------------------------------------------------+---------------------------+------------------------------------------------------------------------------------+
; FIR_4Tap:fir_inst|X[0][10]                               ; Stuck at GND              ; FIR_4Tap:fir_inst|X[1][10], FIR_4Tap:fir_inst|X[2][10], FIR_4Tap:fir_inst|X[3][10] ;
;                                                          ; due to stuck port data_in ;                                                                                    ;
; uart_top:uart_tx_inst|uart_tx_fsm:fsm_inst|shift_reg[15] ; Stuck at GND              ; uart_top:uart_tx_inst|uart_tx_fsm:fsm_inst|shift_reg[14],                          ;
;                                                          ; due to stuck port data_in ; uart_top:uart_tx_inst|uart_tx_fsm:fsm_inst|shift_reg[13],                          ;
;                                                          ;                           ; uart_top:uart_tx_inst|uart_tx_fsm:fsm_inst|shift_reg[12]                           ;
+----------------------------------------------------------+---------------------------+------------------------------------------------------------------------------------+


+------------------------------------------------------+
; General Register Statistics                          ;
+----------------------------------------------+-------+
; Statistic                                    ; Value ;
+----------------------------------------------+-------+
; Total registers                              ; 146   ;
; Number of registers using Synchronous Clear  ; 22    ;
; Number of registers using Synchronous Load   ; 11    ;
; Number of registers using Asynchronous Clear ; 84    ;
; Number of registers using Asynchronous Load  ; 0     ;
; Number of registers using Clock Enable       ; 71    ;
; Number of registers using Preset             ; 0     ;
+----------------------------------------------+-------+


+--------------------------------------------------------------------------+
; Inverted Register Statistics                                             ;
+----------------------------------------------------------------+---------+
; Inverted Register                                              ; Fan out ;
+----------------------------------------------------------------+---------+
; uart_top:uart_tx_inst|uart_tx_fsm:fsm_inst|tx_serial           ; 1       ;
; async_fifo_top:async_fifo_inst|rd_domain:rd_domain_inst|rempty ; 6       ;
; Total number of inverted registers = 2                         ;         ;
+----------------------------------------------------------------+---------+


+------------------------------------------------------------------------------------------------------------------------------------------------------------------------------------+
; Multiplexer Restructuring Statistics (Restructuring Performed)                                                                                                                     ;
+--------------------+-----------+---------------+----------------------+------------------------+------------+----------------------------------------------------------------------+
; Multiplexer Inputs ; Bus Width ; Baseline Area ; Area if Restructured ; Saving if Restructured ; Registered ; Example Multiplexer Output                                           ;
+--------------------+-----------+---------------+----------------------+------------------------+------------+----------------------------------------------------------------------+
; 3:1                ; 11 bits   ; 22 LEs        ; 11 LEs               ; 11 LEs                 ; Yes        ; |system_top|uart_top:uart_tx_inst|baud_gen:baud_gen_inst|baud_cnt[8] ;
; 3:1                ; 44 bits   ; 88 LEs        ; 44 LEs               ; 44 LEs                 ; Yes        ; |system_top|FIR_4Tap:fir_inst|X[1][6]                                ;
; 3:1                ; 3 bits    ; 6 LEs         ; 3 LEs                ; 3 LEs                  ; Yes        ; |system_top|PowerManager:pm_inst|counter[2]                          ;
; 5:1                ; 3 bits    ; 9 LEs         ; 3 LEs                ; 6 LEs                  ; Yes        ; |system_top|uart_top:uart_tx_inst|uart_tx_fsm:fsm_inst|shift_reg[12] ;
; 5:1                ; 4 bits    ; 12 LEs        ; 4 LEs                ; 8 LEs                  ; Yes        ; |system_top|uart_top:uart_tx_inst|uart_tx_fsm:fsm_inst|bit_cnt[0]    ;
; 6:1                ; 12 bits   ; 48 LEs        ; 24 LEs               ; 24 LEs                 ; Yes        ; |system_top|uart_top:uart_tx_inst|uart_tx_fsm:fsm_inst|shift_reg[0]  ;
; 6:1                ; 2 bits    ; 8 LEs         ; 4 LEs                ; 4 LEs                  ; No         ; |system_top|uart_top:uart_tx_inst|uart_tx_fsm:fsm_inst|Selector18    ;
; 8:1                ; 2 bits    ; 10 LEs        ; 4 LEs                ; 6 LEs                  ; No         ; |system_top|uart_top:uart_tx_inst|uart_tx_fsm:fsm_inst|Selector19    ;
+--------------------+-----------+---------------+----------------------+------------------------+------------+----------------------------------------------------------------------+


+-----------------------------------------------------------------------------------------------------------------------------+
; Source assignments for async_fifo_top:async_fifo_inst|fifo_mem:mem_inst|altsyncram:mem_rtl_0|altsyncram_gvc1:auto_generated ;
+---------------------------------+--------------------+------+---------------------------------------------------------------+
; Assignment                      ; Value              ; From ; To                                                            ;
+---------------------------------+--------------------+------+---------------------------------------------------------------+
; OPTIMIZE_POWER_DURING_SYNTHESIS ; NORMAL_COMPILATION ; -    ; -                                                             ;
+---------------------------------+--------------------+------+---------------------------------------------------------------+


+----------------------------------------------------------------------------+
; Parameter Settings for User Entity Instance: Top-level Entity: |system_top ;
+----------------+----------+------------------------------------------------+
; Parameter Name ; Value    ; Type                                           ;
+----------------+----------+------------------------------------------------+
; UART_CLK_FREQ  ; 10000000 ; Signed Integer                                 ;
; UART_BAUD_RATE ; 9600     ; Signed Integer                                 ;
; FIFO_DEPTH     ; 32       ; Signed Integer                                 ;
+----------------+----------+------------------------------------------------+
Note: In order to hide this table in the UI and the text report file, please set the "Show Parameter Settings in Synthesis Report" option in "Analysis and Synthesis Settings -> More Settings" to "Off".


+-----------------------------------------------------------------------------+
; Parameter Settings for User Entity Instance: async_fifo_top:async_fifo_inst ;
+----------------+-------+----------------------------------------------------+
; Parameter Name ; Value ; Type                                               ;
+----------------+-------+----------------------------------------------------+
; DATA_WIDTH     ; 16    ; Signed Integer                                     ;
; DEPTH          ; 32    ; Signed Integer                                     ;
; ADDR_WIDTH     ; 5     ; Signed Integer                                     ;
+----------------+-------+----------------------------------------------------+
Note: In order to hide this table in the UI and the text report file, please set the "Show Parameter Settings in Synthesis Report" option in "Analysis and Synthesis Settings -> More Settings" to "Off".


+-----------------------------------------------------------------------------------------------+
; Parameter Settings for User Entity Instance: async_fifo_top:async_fifo_inst|fifo_mem:mem_inst ;
+----------------+-------+----------------------------------------------------------------------+
; Parameter Name ; Value ; Type                                                                 ;
+----------------+-------+----------------------------------------------------------------------+
; DATA_WIDTH     ; 16    ; Signed Integer                                                       ;
; DEPTH          ; 32    ; Signed Integer                                                       ;
; ADDR_WIDTH     ; 5     ; Signed Integer                                                       ;
+----------------+-------+----------------------------------------------------------------------+
Note: In order to hide this table in the UI and the text report file, please set the "Show Parameter Settings in Synthesis Report" option in "Analysis and Synthesis Settings -> More Settings" to "Off".


+------------------------------------------------------------------------------------------------------+
; Parameter Settings for User Entity Instance: async_fifo_top:async_fifo_inst|wr_domain:wr_domain_inst ;
+----------------+-------+-----------------------------------------------------------------------------+
; Parameter Name ; Value ; Type                                                                        ;
+----------------+-------+-----------------------------------------------------------------------------+
; ADDR_WIDTH     ; 5     ; Signed Integer                                                              ;
+----------------+-------+-----------------------------------------------------------------------------+
Note: In order to hide this table in the UI and the text report file, please set the "Show Parameter Settings in Synthesis Report" option in "Analysis and Synthesis Settings -> More Settings" to "Off".


+------------------------------------------------------------------------------------------------------+
; Parameter Settings for User Entity Instance: async_fifo_top:async_fifo_inst|rd_domain:rd_domain_inst ;
+----------------+-------+-----------------------------------------------------------------------------+
; Parameter Name ; Value ; Type                                                                        ;
+----------------+-------+-----------------------------------------------------------------------------+
; ADDR_WIDTH     ; 5     ; Signed Integer                                                              ;
+----------------+-------+-----------------------------------------------------------------------------+
Note: In order to hide this table in the UI and the text report file, please set the "Show Parameter Settings in Synthesis Report" option in "Analysis and Synthesis Settings -> More Settings" to "Off".


+------------------------------------------------------------------------------------------------------+
; Parameter Settings for User Entity Instance: async_fifo_top:async_fifo_inst|TwoFF_Sync:rd_to_wr_sync ;
+----------------+-------+-----------------------------------------------------------------------------+
; Parameter Name ; Value ; Type                                                                        ;
+----------------+-------+-----------------------------------------------------------------------------+
; WIDTH          ; 6     ; Signed Integer                                                              ;
+----------------+-------+-----------------------------------------------------------------------------+
Note: In order to hide this table in the UI and the text report file, please set the "Show Parameter Settings in Synthesis Report" option in "Analysis and Synthesis Settings -> More Settings" to "Off".


+------------------------------------------------------------------------------------------------------+
; Parameter Settings for User Entity Instance: async_fifo_top:async_fifo_inst|TwoFF_Sync:wr_to_rd_sync ;
+----------------+-------+-----------------------------------------------------------------------------+
; Parameter Name ; Value ; Type                                                                        ;
+----------------+-------+-----------------------------------------------------------------------------+
; WIDTH          ; 6     ; Signed Integer                                                              ;
+----------------+-------+-----------------------------------------------------------------------------+
Note: In order to hide this table in the UI and the text report file, please set the "Show Parameter Settings in Synthesis Report" option in "Analysis and Synthesis Settings -> More Settings" to "Off".


+--------------------------------------------------------------------+
; Parameter Settings for User Entity Instance: uart_top:uart_tx_inst ;
+----------------+----------+----------------------------------------+
; Parameter Name ; Value    ; Type                                   ;
+----------------+----------+----------------------------------------+
; CLK_FREQ       ; 10000000 ; Signed Integer                         ;
; BAUD_RATE      ; 9600     ; Signed Integer                         ;
+----------------+----------+----------------------------------------+
Note: In order to hide this table in the UI and the text report file, please set the "Show Parameter Settings in Synthesis Report" option in "Analysis and Synthesis Settings -> More Settings" to "Off".


+-------------------------------------------------------------------------------------------+
; Parameter Settings for User Entity Instance: uart_top:uart_tx_inst|baud_gen:baud_gen_inst ;
+----------------+----------+---------------------------------------------------------------+
; Parameter Name ; Value    ; Type                                                          ;
+----------------+----------+---------------------------------------------------------------+
; CLK_FREQ       ; 10000000 ; Signed Integer                                                ;
; BAUD_RATE      ; 9600     ; Signed Integer                                                ;
+----------------+----------+---------------------------------------------------------------+
Note: In order to hide this table in the UI and the text report file, please set the "Show Parameter Settings in Synthesis Report" option in "Analysis and Synthesis Settings -> More Settings" to "Off".


+------------------------------------------------------------------------------------------------------------------------+
; Parameter Settings for Inferred Entity Instance: async_fifo_top:async_fifo_inst|fifo_mem:mem_inst|altsyncram:mem_rtl_0 ;
+------------------------------------+----------------------+------------------------------------------------------------+
; Parameter Name                     ; Value                ; Type                                                       ;
+------------------------------------+----------------------+------------------------------------------------------------+
; BYTE_SIZE_BLOCK                    ; 8                    ; Untyped                                                    ;
; AUTO_CARRY_CHAINS                  ; ON                   ; AUTO_CARRY                                                 ;
; IGNORE_CARRY_BUFFERS               ; OFF                  ; IGNORE_CARRY                                               ;
; AUTO_CASCADE_CHAINS                ; ON                   ; AUTO_CASCADE                                               ;
; IGNORE_CASCADE_BUFFERS             ; OFF                  ; IGNORE_CASCADE                                             ;
; WIDTH_BYTEENA                      ; 1                    ; Untyped                                                    ;
; OPERATION_MODE                     ; DUAL_PORT            ; Untyped                                                    ;
; WIDTH_A                            ; 12                   ; Untyped                                                    ;
; WIDTHAD_A                          ; 5                    ; Untyped                                                    ;
; NUMWORDS_A                         ; 32                   ; Untyped                                                    ;
; OUTDATA_REG_A                      ; UNREGISTERED         ; Untyped                                                    ;
; ADDRESS_ACLR_A                     ; NONE                 ; Untyped                                                    ;
; OUTDATA_ACLR_A                     ; NONE                 ; Untyped                                                    ;
; WRCONTROL_ACLR_A                   ; NONE                 ; Untyped                                                    ;
; INDATA_ACLR_A                      ; NONE                 ; Untyped                                                    ;
; BYTEENA_ACLR_A                     ; NONE                 ; Untyped                                                    ;
; WIDTH_B                            ; 12                   ; Untyped                                                    ;
; WIDTHAD_B                          ; 5                    ; Untyped                                                    ;
; NUMWORDS_B                         ; 32                   ; Untyped                                                    ;
; INDATA_REG_B                       ; CLOCK1               ; Untyped                                                    ;
; WRCONTROL_WRADDRESS_REG_B          ; CLOCK1               ; Untyped                                                    ;
; RDCONTROL_REG_B                    ; CLOCK1               ; Untyped                                                    ;
; ADDRESS_REG_B                      ; CLOCK1               ; Untyped                                                    ;
; OUTDATA_REG_B                      ; UNREGISTERED         ; Untyped                                                    ;
; BYTEENA_REG_B                      ; CLOCK1               ; Untyped                                                    ;
; INDATA_ACLR_B                      ; NONE                 ; Untyped                                                    ;
; WRCONTROL_ACLR_B                   ; NONE                 ; Untyped                                                    ;
; ADDRESS_ACLR_B                     ; NONE                 ; Untyped                                                    ;
; OUTDATA_ACLR_B                     ; NONE                 ; Untyped                                                    ;
; RDCONTROL_ACLR_B                   ; NONE                 ; Untyped                                                    ;
; BYTEENA_ACLR_B                     ; NONE                 ; Untyped                                                    ;
; WIDTH_BYTEENA_A                    ; 1                    ; Untyped                                                    ;
; WIDTH_BYTEENA_B                    ; 1                    ; Untyped                                                    ;
; RAM_BLOCK_TYPE                     ; AUTO                 ; Untyped                                                    ;
; BYTE_SIZE                          ; 8                    ; Untyped                                                    ;
; READ_DURING_WRITE_MODE_MIXED_PORTS ; DONT_CARE            ; Untyped                                                    ;
; READ_DURING_WRITE_MODE_PORT_A      ; NEW_DATA_NO_NBE_READ ; Untyped                                                    ;
; READ_DURING_WRITE_MODE_PORT_B      ; NEW_DATA_NO_NBE_READ ; Untyped                                                    ;
; INIT_FILE                          ; UNUSED               ; Untyped                                                    ;
; INIT_FILE_LAYOUT                   ; PORT_A               ; Untyped                                                    ;
; MAXIMUM_DEPTH                      ; 0                    ; Untyped                                                    ;
; CLOCK_ENABLE_INPUT_A               ; NORMAL               ; Untyped                                                    ;
; CLOCK_ENABLE_INPUT_B               ; NORMAL               ; Untyped                                                    ;
; CLOCK_ENABLE_OUTPUT_A              ; NORMAL               ; Untyped                                                    ;
; CLOCK_ENABLE_OUTPUT_B              ; NORMAL               ; Untyped                                                    ;
; CLOCK_ENABLE_CORE_A                ; USE_INPUT_CLKEN      ; Untyped                                                    ;
; CLOCK_ENABLE_CORE_B                ; USE_INPUT_CLKEN      ; Untyped                                                    ;
; ENABLE_ECC                         ; FALSE                ; Untyped                                                    ;
; ECC_PIPELINE_STAGE_ENABLED         ; FALSE                ; Untyped                                                    ;
; WIDTH_ECCSTATUS                    ; 3                    ; Untyped                                                    ;
; DEVICE_FAMILY                      ; Cyclone IV E         ; Untyped                                                    ;
; CBXI_PARAMETER                     ; altsyncram_gvc1      ; Untyped                                                    ;
+------------------------------------+----------------------+------------------------------------------------------------+
Note: In order to hide this table in the UI and the text report file, please set the "Show Parameter Settings in Synthesis Report" option in "Analysis and Synthesis Settings -> More Settings" to "Off".


+-------------------------------------------------------------------------------------------------------------------+
; altsyncram Parameter Settings by Entity Instance                                                                  ;
+-------------------------------------------+-----------------------------------------------------------------------+
; Name                                      ; Value                                                                 ;
+-------------------------------------------+-----------------------------------------------------------------------+
; Number of entity instances                ; 1                                                                     ;
; Entity Instance                           ; async_fifo_top:async_fifo_inst|fifo_mem:mem_inst|altsyncram:mem_rtl_0 ;
;     -- OPERATION_MODE                     ; DUAL_PORT                                                             ;
;     -- WIDTH_A                            ; 12                                                                    ;
;     -- NUMWORDS_A                         ; 32                                                                    ;
;     -- OUTDATA_REG_A                      ; UNREGISTERED                                                          ;
;     -- WIDTH_B                            ; 12                                                                    ;
;     -- NUMWORDS_B                         ; 32                                                                    ;
;     -- ADDRESS_REG_B                      ; CLOCK1                                                                ;
;     -- OUTDATA_REG_B                      ; UNREGISTERED                                                          ;
;     -- RAM_BLOCK_TYPE                     ; AUTO                                                                  ;
;     -- READ_DURING_WRITE_MODE_MIXED_PORTS ; DONT_CARE                                                             ;
+-------------------------------------------+-----------------------------------------------------------------------+


+--------------------------------------------------------------------------------------------------------------------------------------------------------------------+
; Port Connectivity Checks: "clk_gater_ALTCLKCTRL_altclkctrl_0:clk_gater_inst|clk_gater_ALTCLKCTRL_altclkctrl_0_sub:clk_gater_ALTCLKCTRL_altclkctrl_0_sub_component" ;
+-------------+-------+----------+-----------------------------------------------------------------------------------------------------------------------------------+
; Port        ; Type  ; Severity ; Details                                                                                                                           ;
+-------------+-------+----------+-----------------------------------------------------------------------------------------------------------------------------------+
; inclk[3..1] ; Input ; Info     ; Stuck at GND                                                                                                                      ;
+-------------+-------+----------+-----------------------------------------------------------------------------------------------------------------------------------+


+-----------------------------------------------------+
; Post-Synthesis Netlist Statistics for Top Partition ;
+-----------------------+-----------------------------+
; Type                  ; Count                       ;
+-----------------------+-----------------------------+
; boundary_port         ; 16                          ;
; cycloneiii_clkctrl    ; 1                           ;
; cycloneiii_ff         ; 146                         ;
;     CLR               ; 61                          ;
;     CLR SCLR          ; 11                          ;
;     ENA               ; 49                          ;
;     ENA CLR SCLR      ; 1                           ;
;     ENA CLR SLD       ; 11                          ;
;     ENA SCLR          ; 10                          ;
;     plain             ; 3                           ;
; cycloneiii_lcell_comb ; 168                         ;
;     arith             ; 55                          ;
;         2 data inputs ; 21                          ;
;         3 data inputs ; 34                          ;
;     normal            ; 113                         ;
;         0 data inputs ; 4                           ;
;         1 data inputs ; 6                           ;
;         2 data inputs ; 54                          ;
;         3 data inputs ; 21                          ;
;         4 data inputs ; 28                          ;
; cycloneiii_ram_block  ; 12                          ;
;                       ;                             ;
; Max LUT depth         ; 5.40                        ;
; Average LUT depth     ; 2.42                        ;
+-----------------------+-----------------------------+


+-------------------------------+
; Elapsed Time Per Partition    ;
+----------------+--------------+
; Partition Name ; Elapsed Time ;
+----------------+--------------+
; Top            ; 00:00:01     ;
+----------------+--------------+


+-------------------------------+
; Analysis & Synthesis Messages ;
+-------------------------------+
Info: *******************************************************************
Info: Running Quartus Prime Analysis & Synthesis
    Info: Version 20.1.1 Build 720 11/11/2020 SJ Lite Edition
    Info: Processing started: Tue Jun 30 18:31:40 2026
Info: Command: quartus_map --read_settings_files=on --write_settings_files=off FIFO_Toplvl -c FIFO_Toplvl
Warning (18236): Number of processors has not been specified which may cause overloading on shared machines.  Set the global assignment NUM_PARALLEL_PROCESSORS in your QSF to an appropriate value for best performance.
Info (20030): Parallel compilation is enabled and will use 16 of the 16 processors detected
Info (12021): Found 1 design units, including 1 entities, in source file twoff_sync.v
    Info (12023): Found entity 1: TwoFF_Sync File: C:/intelFPGA_lite/20.1/VLSI/TwoFF_Sync.v Line: 1
Info (12021): Found 1 design units, including 1 entities, in source file clk_gater_altclkctrl/synthesis/clk_gater_altclkctrl.v
    Info (12023): Found entity 1: clk_gater_ALTCLKCTRL File: C:/intelFPGA_lite/20.1/VLSI/clk_gater_ALTCLKCTRL/synthesis/clk_gater_ALTCLKCTRL.v Line: 6
Info (12021): Found 2 design units, including 2 entities, in source file clk_gater_altclkctrl/synthesis/submodules/clk_gater_altclkctrl_altclkctrl_0.v
    Info (12023): Found entity 1: clk_gater_ALTCLKCTRL_altclkctrl_0_sub File: C:/intelFPGA_lite/20.1/VLSI/clk_gater_ALTCLKCTRL/synthesis/submodules/clk_gater_ALTCLKCTRL_altclkctrl_0.v Line: 29
    Info (12023): Found entity 2: clk_gater_ALTCLKCTRL_altclkctrl_0 File: C:/intelFPGA_lite/20.1/VLSI/clk_gater_ALTCLKCTRL/synthesis/submodules/clk_gater_ALTCLKCTRL_altclkctrl_0.v Line: 90
Info (12021): Found 1 design units, including 1 entities, in source file fir_4tap.v
    Info (12023): Found entity 1: FIR_4Tap File: C:/intelFPGA_lite/20.1/VLSI/FIR_4Tap.v Line: 1
Info (12021): Found 1 design units, including 1 entities, in source file fir_4tap_tb.v
    Info (12023): Found entity 1: tb_FIR_4Tap File: C:/intelFPGA_lite/20.1/VLSI/FIR_4Tap_TB.v Line: 3
Info (12021): Found 1 design units, including 1 entities, in source file powermanager.v
    Info (12023): Found entity 1: PowerManager File: C:/intelFPGA_lite/20.1/VLSI/PowerManager.v Line: 1
Info (12021): Found 1 design units, including 1 entities, in source file powermanager_tb.v
    Info (12023): Found entity 1: PowerManager_TB File: C:/intelFPGA_lite/20.1/VLSI/PowerManager_TB.v Line: 3
Info (12021): Found 1 design units, including 1 entities, in source file twoff_sync_tb.v
    Info (12023): Found entity 1: TwoFF_Sync_TB File: C:/intelFPGA_lite/20.1/VLSI/TwoFF_Sync_TB.v Line: 3
Info (12021): Found 1 design units, including 1 entities, in source file fifo_mem.v
    Info (12023): Found entity 1: fifo_mem File: C:/intelFPGA_lite/20.1/VLSI/fifo_mem.v Line: 1
Info (12021): Found 1 design units, including 1 entities, in source file fifo_mem_tb.v
    Info (12023): Found entity 1: fifo_mem_TB File: C:/intelFPGA_lite/20.1/VLSI/fifo_mem_TB.v Line: 3
Info (12021): Found 1 design units, including 1 entities, in source file wr_domain.v
    Info (12023): Found entity 1: wr_domain File: C:/intelFPGA_lite/20.1/VLSI/wr_domain.v Line: 1
Info (12021): Found 1 design units, including 1 entities, in source file wr_domain_tb.v
    Info (12023): Found entity 1: wr_domain_TB File: C:/intelFPGA_lite/20.1/VLSI/wr_domain_TB.v Line: 3
Info (12021): Found 1 design units, including 1 entities, in source file rd_domain.v
    Info (12023): Found entity 1: rd_domain File: C:/intelFPGA_lite/20.1/VLSI/rd_domain.v Line: 1
Info (12021): Found 1 design units, including 1 entities, in source file rd_domain_tb.v
    Info (12023): Found entity 1: rd_domain_TB File: C:/intelFPGA_lite/20.1/VLSI/rd_domain_TB.v Line: 3
Info (12021): Found 1 design units, including 1 entities, in source file async_fifo_top.v
    Info (12023): Found entity 1: async_fifo_top File: C:/intelFPGA_lite/20.1/VLSI/async_fifo_top.v Line: 1
Info (12021): Found 1 design units, including 1 entities, in source file async_fifo_top_tb.v
    Info (12023): Found entity 1: async_fifo_top_TB File: C:/intelFPGA_lite/20.1/VLSI/async_fifo_top_TB.v Line: 3
Info (12021): Found 1 design units, including 1 entities, in source file baud_gen.v
    Info (12023): Found entity 1: baud_gen File: C:/intelFPGA_lite/20.1/VLSI/baud_gen.v Line: 1
Info (12021): Found 1 design units, including 1 entities, in source file baud_gen_tb.v
    Info (12023): Found entity 1: baud_gen_TB File: C:/intelFPGA_lite/20.1/VLSI/baud_gen_TB.v Line: 3
Info (12021): Found 1 design units, including 1 entities, in source file uart_tx_fsm.v
    Info (12023): Found entity 1: uart_tx_fsm File: C:/intelFPGA_lite/20.1/VLSI/uart_tx_fsm.v Line: 1
Info (12021): Found 1 design units, including 1 entities, in source file uart_tx_fsm_tb.v
    Info (12023): Found entity 1: uart_tx_fsm_TB File: C:/intelFPGA_lite/20.1/VLSI/uart_tx_fsm_TB.v Line: 3
Info (12021): Found 1 design units, including 1 entities, in source file uart_top.v
    Info (12023): Found entity 1: uart_top File: C:/intelFPGA_lite/20.1/VLSI/uart_top.v Line: 1
Info (12021): Found 1 design units, including 1 entities, in source file uart_top_tb.v
    Info (12023): Found entity 1: uart_top_TB File: C:/intelFPGA_lite/20.1/VLSI/uart_top_TB.v Line: 3
Info (12021): Found 1 design units, including 1 entities, in source file system_top.v
    Info (12023): Found entity 1: system_top File: C:/intelFPGA_lite/20.1/VLSI/system_top.v Line: 1
Info (12021): Found 1 design units, including 1 entities, in source file system_top_tb.v
    Info (12023): Found entity 1: system_top_TB File: C:/intelFPGA_lite/20.1/VLSI/system_top_TB.v Line: 3
Info (12127): Elaborating entity "system_top" for the top level hierarchy
Info (12128): Elaborating entity "PowerManager" for hierarchy "PowerManager:pm_inst" File: C:/intelFPGA_lite/20.1/VLSI/system_top.v Line: 48
Info (12128): Elaborating entity "clk_gater_ALTCLKCTRL_altclkctrl_0" for hierarchy "clk_gater_ALTCLKCTRL_altclkctrl_0:clk_gater_inst" File: C:/intelFPGA_lite/20.1/VLSI/system_top.v Line: 58
Info (12128): Elaborating entity "clk_gater_ALTCLKCTRL_altclkctrl_0_sub" for hierarchy "clk_gater_ALTCLKCTRL_altclkctrl_0:clk_gater_inst|clk_gater_ALTCLKCTRL_altclkctrl_0_sub:clk_gater_ALTCLKCTRL_altclkctrl_0_sub_component" File: C:/intelFPGA_lite/20.1/VLSI/clk_gater_ALTCLKCTRL/synthesis/submodules/clk_gater_ALTCLKCTRL_altclkctrl_0.v Line: 120
Info (12128): Elaborating entity "FIR_4Tap" for hierarchy "FIR_4Tap:fir_inst" File: C:/intelFPGA_lite/20.1/VLSI/system_top.v Line: 71
Warning (10230): Verilog HDL assignment warning at FIR_4Tap.v(30): truncated value with size 32 to match size of target (16) File: C:/intelFPGA_lite/20.1/VLSI/FIR_4Tap.v Line: 30
Info (12128): Elaborating entity "async_fifo_top" for hierarchy "async_fifo_top:async_fifo_inst" File: C:/intelFPGA_lite/20.1/VLSI/system_top.v Line: 94
Info (12128): Elaborating entity "fifo_mem" for hierarchy "async_fifo_top:async_fifo_inst|fifo_mem:mem_inst" File: C:/intelFPGA_lite/20.1/VLSI/async_fifo_top.v Line: 41
Info (12128): Elaborating entity "wr_domain" for hierarchy "async_fifo_top:async_fifo_inst|wr_domain:wr_domain_inst" File: C:/intelFPGA_lite/20.1/VLSI/async_fifo_top.v Line: 56
Info (12128): Elaborating entity "rd_domain" for hierarchy "async_fifo_top:async_fifo_inst|rd_domain:rd_domain_inst" File: C:/intelFPGA_lite/20.1/VLSI/async_fifo_top.v Line: 71
Info (12128): Elaborating entity "TwoFF_Sync" for hierarchy "async_fifo_top:async_fifo_inst|TwoFF_Sync:rd_to_wr_sync" File: C:/intelFPGA_lite/20.1/VLSI/async_fifo_top.v Line: 83
Info (12128): Elaborating entity "uart_top" for hierarchy "uart_top:uart_tx_inst" File: C:/intelFPGA_lite/20.1/VLSI/system_top.v Line: 111
Info (12128): Elaborating entity "baud_gen" for hierarchy "uart_top:uart_tx_inst|baud_gen:baud_gen_inst" File: C:/intelFPGA_lite/20.1/VLSI/uart_top.v Line: 25
Warning (10230): Verilog HDL assignment warning at baud_gen.v(26): truncated value with size 32 to match size of target (11) File: C:/intelFPGA_lite/20.1/VLSI/baud_gen.v Line: 26
Info (12128): Elaborating entity "uart_tx_fsm" for hierarchy "uart_top:uart_tx_inst|uart_tx_fsm:fsm_inst" File: C:/intelFPGA_lite/20.1/VLSI/uart_top.v Line: 37
Warning (10230): Verilog HDL assignment warning at uart_tx_fsm.v(62): truncated value with size 32 to match size of target (4) File: C:/intelFPGA_lite/20.1/VLSI/uart_tx_fsm.v Line: 62
Warning (276027): Inferred dual-clock RAM node "async_fifo_top:async_fifo_inst|fifo_mem:mem_inst|mem_rtl_0" from synchronous design logic.  The read-during-write behavior of a dual-clock RAM is undefined and may not match the behavior of the original design.
Info (19000): Inferred 1 megafunctions from design logic
    Info (276029): Inferred altsyncram megafunction from the following design logic: "async_fifo_top:async_fifo_inst|fifo_mem:mem_inst|mem_rtl_0" 
        Info (286033): Parameter OPERATION_MODE set to DUAL_PORT
        Info (286033): Parameter WIDTH_A set to 12
        Info (286033): Parameter WIDTHAD_A set to 5
        Info (286033): Parameter NUMWORDS_A set to 32
        Info (286033): Parameter WIDTH_B set to 12
        Info (286033): Parameter WIDTHAD_B set to 5
        Info (286033): Parameter NUMWORDS_B set to 32
        Info (286033): Parameter ADDRESS_ACLR_A set to NONE
        Info (286033): Parameter OUTDATA_REG_B set to UNREGISTERED
        Info (286033): Parameter ADDRESS_ACLR_B set to NONE
        Info (286033): Parameter OUTDATA_ACLR_B set to NONE
        Info (286033): Parameter ADDRESS_REG_B set to CLOCK1
        Info (286033): Parameter INDATA_ACLR_A set to NONE
        Info (286033): Parameter WRCONTROL_ACLR_A set to NONE
Info (12130): Elaborated megafunction instantiation "async_fifo_top:async_fifo_inst|fifo_mem:mem_inst|altsyncram:mem_rtl_0"
Info (12133): Instantiated megafunction "async_fifo_top:async_fifo_inst|fifo_mem:mem_inst|altsyncram:mem_rtl_0" with the following parameter:
    Info (12134): Parameter "OPERATION_MODE" = "DUAL_PORT"
    Info (12134): Parameter "WIDTH_A" = "12"
    Info (12134): Parameter "WIDTHAD_A" = "5"
    Info (12134): Parameter "NUMWORDS_A" = "32"
    Info (12134): Parameter "WIDTH_B" = "12"
    Info (12134): Parameter "WIDTHAD_B" = "5"
    Info (12134): Parameter "NUMWORDS_B" = "32"
    Info (12134): Parameter "ADDRESS_ACLR_A" = "NONE"
    Info (12134): Parameter "OUTDATA_REG_B" = "UNREGISTERED"
    Info (12134): Parameter "ADDRESS_ACLR_B" = "NONE"
    Info (12134): Parameter "OUTDATA_ACLR_B" = "NONE"
    Info (12134): Parameter "ADDRESS_REG_B" = "CLOCK1"
    Info (12134): Parameter "INDATA_ACLR_A" = "NONE"
    Info (12134): Parameter "WRCONTROL_ACLR_A" = "NONE"
Info (12021): Found 1 design units, including 1 entities, in source file db/altsyncram_gvc1.tdf
    Info (12023): Found entity 1: altsyncram_gvc1 File: C:/intelFPGA_lite/20.1/VLSI/db/altsyncram_gvc1.tdf Line: 28
Info (13000): Registers with preset signals will power-up high File: C:/intelFPGA_lite/20.1/VLSI/uart_tx_fsm.v Line: 9
Info (13003): DEV_CLRn pin will set, and not reset, register with preset signal due to NOT Gate Push-Back
Info (286030): Timing-Driven Synthesis is running
Info (17049): 5 registers lost all their fanouts during netlist optimizations.
Warning (20013): Ignored 16 assignments for entity "clk_gater_ALTCLKCTRL" -- entity does not exist in design
Info (144001): Generated suppressed messages file C:/intelFPGA_lite/20.1/VLSI/output_files/FIFO_Toplvl.map.smsg
Info (16010): Generating hard_block partition "hard_block:auto_generated_inst"
    Info (16011): Adding 0 node(s), including 0 DDIO, 0 PLL, 0 transceiver and 0 LCELL
Info (21057): Implemented 251 device resources after synthesis - the final resource count might be different
    Info (21058): Implemented 12 input pins
    Info (21059): Implemented 4 output pins
    Info (21061): Implemented 222 logic cells
    Info (21064): Implemented 12 RAM segments
Info: Quartus Prime Analysis & Synthesis was successful. 0 errors, 6 warnings
    Info: Peak virtual memory: 4847 megabytes
    Info: Processing ended: Tue Jun 30 18:31:51 2026
    Info: Elapsed time: 00:00:11
    Info: Total CPU time (on all processors): 00:00:27


+------------------------------------------+
; Analysis & Synthesis Suppressed Messages ;
+------------------------------------------+
The suppressed messages can be found in C:/intelFPGA_lite/20.1/VLSI/output_files/FIFO_Toplvl.map.smsg.


